mode: set
murmapp.caster/internal/consumer_msg_out.go:9.69,12.16 3 1
murmapp.caster/internal/consumer_msg_out.go:12.16,14.3 1 0
murmapp.caster/internal/consumer_msg_out.go:16.2,16.93 1 1
murmapp.caster/internal/consumer_msg_out.go:16.93,18.3 1 0
murmapp.caster/internal/consumer_msg_out.go:20.2,21.16 2 1
murmapp.caster/internal/consumer_msg_out.go:21.16,23.3 1 0
murmapp.caster/internal/consumer_msg_out.go:25.5,28.12 3 1
murmapp.caster/internal/consumer_msg_out.go:31.85,32.28 1 1
murmapp.caster/internal/consumer_msg_out.go:32.28,35.3 2 1
murmapp.caster/internal/consumer_registrations.go:9.55,12.16 3 1
murmapp.caster/internal/consumer_registrations.go:12.16,14.3 1 0
murmapp.caster/internal/consumer_registrations.go:16.2,16.92 1 1
murmapp.caster/internal/consumer_registrations.go:16.92,18.3 1 0
murmapp.caster/internal/consumer_registrations.go:20.2,21.16 2 1
murmapp.caster/internal/consumer_registrations.go:21.16,23.3 1 0
murmapp.caster/internal/consumer_registrations.go:25.5,28.12 3 1
murmapp.caster/internal/consumer_registrations.go:31.98,32.28 1 1
murmapp.caster/internal/consumer_registrations.go:32.28,35.3 2 1
murmapp.caster/internal/encrypt.go:16.32,18.47 2 1
murmapp.caster/internal/encrypt.go:18.47,20.3 1 1
murmapp.caster/internal/encrypt.go:21.2,24.43 3 1
murmapp.caster/internal/encrypt.go:24.43,26.3 1 0
murmapp.caster/internal/encrypt.go:27.2,30.45 3 1
murmapp.caster/internal/encrypt.go:30.45,32.3 1 0
murmapp.caster/internal/encrypt.go:33.2,35.12 2 1
murmapp.caster/internal/encrypt.go:38.63,40.16 2 1
murmapp.caster/internal/encrypt.go:40.16,42.3 1 0
murmapp.caster/internal/encrypt.go:43.2,44.16 2 1
murmapp.caster/internal/encrypt.go:44.16,46.3 1 0
murmapp.caster/internal/encrypt.go:47.2,48.59 2 1
murmapp.caster/internal/encrypt.go:48.59,50.3 1 0
murmapp.caster/internal/encrypt.go:51.2,52.24 2 1
murmapp.caster/internal/encrypt.go:55.68,57.16 2 1
murmapp.caster/internal/encrypt.go:57.16,59.3 1 0
murmapp.caster/internal/encrypt.go:61.2,62.16 2 1
murmapp.caster/internal/encrypt.go:62.16,64.3 1 0
murmapp.caster/internal/encrypt.go:66.2,66.39 1 1
murmapp.caster/internal/encrypt.go:66.39,68.3 1 1
murmapp.caster/internal/encrypt.go:70.2,74.16 4 1
murmapp.caster/internal/encrypt.go:74.16,76.3 1 1
murmapp.caster/internal/encrypt.go:78.2,78.27 1 1
murmapp.caster/internal/hendler_msg_out.go:14.60,16.52 2 1
murmapp.caster/internal/hendler_msg_out.go:16.52,19.3 2 0
murmapp.caster/internal/hendler_msg_out.go:21.2,22.16 2 1
murmapp.caster/internal/hendler_msg_out.go:22.16,25.3 2 0
murmapp.caster/internal/hendler_msg_out.go:27.2,28.16 2 1
murmapp.caster/internal/hendler_msg_out.go:28.16,31.3 2 0
murmapp.caster/internal/hendler_msg_out.go:32.2,32.41 1 1
murmapp.caster/internal/hendler_msg_out.go:32.41,35.3 2 0
murmapp.caster/internal/hendler_msg_out.go:37.2,40.16 3 1
murmapp.caster/internal/hendler_msg_out.go:40.16,43.3 2 0
murmapp.caster/internal/hendler_msg_out.go:45.2,48.16 3 1
murmapp.caster/internal/hendler_msg_out.go:48.16,51.3 2 0
murmapp.caster/internal/hendler_msg_out.go:52.2,55.76 3 1
murmapp.caster/internal/hendler_registration.go:11.59,13.52 2 1
murmapp.caster/internal/hendler_registration.go:13.52,16.3 2 0
murmapp.caster/internal/hendler_registration.go:18.2,25.16 6 1
murmapp.caster/internal/hendler_registration.go:25.16,28.3 2 0
murmapp.caster/internal/hendler_registration.go:30.2,30.88 1 1
murmapp.caster/internal/hendler_registration.go:30.88,33.3 2 0
murmapp.caster/internal/hendler_registration.go:35.2,35.80 1 1
murmapp.caster/internal/hendler_registration.go:35.80,38.3 2 0
murmapp.caster/internal/hendler_registration.go:41.81,43.16 2 1
murmapp.caster/internal/hendler_registration.go:43.16,46.3 2 0
murmapp.caster/internal/hendler_registration.go:48.2,55.16 3 1
murmapp.caster/internal/hendler_registration.go:55.16,58.3 2 0
murmapp.caster/internal/hendler_registration.go:60.2,60.74 1 1
murmapp.caster/internal/hendler_registration.go:60.74,63.3 2 0
murmapp.caster/internal/hendler_registration.go:65.2,65.16 1 1
murmapp.caster/internal/hendler_registration.go:65.16,68.3 2 0
murmapp.caster/internal/hendler_registration.go:68.8,70.3 1 1
murmapp.caster/internal/hendler_registration.go:72.2,72.12 1 1
murmapp.caster/internal/init_env.go:12.22,14.23 2 1
murmapp.caster/internal/init_env.go:14.23,16.3 1 0
murmapp.caster/internal/init_env.go:18.4,19.45 2 1
murmapp.caster/internal/init_env.go:19.45,21.3 1 0
murmapp.caster/internal/init_env.go:23.2,24.23 2 1
murmapp.caster/internal/init_env.go:24.23,26.3 1 0
murmapp.caster/internal/init_env.go:28.2,28.12 1 1
murmapp.caster/internal/init_exchanges.go:8.43,22.17 4 1
murmapp.caster/internal/init_exchanges.go:22.17,25.4 2 0
murmapp.caster/internal/init_exchanges.go:26.3,28.12 2 1
murmapp.caster/internal/mq.go:24.51,26.2 1 1
murmapp.caster/internal/mq.go:28.47,30.2 1 1
murmapp.caster/internal/mq.go:45.37,50.21 4 1
murmapp.caster/internal/mq.go:50.21,52.3 1 0
murmapp.caster/internal/mq.go:54.2,54.44 1 1
murmapp.caster/internal/mq.go:54.44,56.17 2 1
murmapp.caster/internal/mq.go:56.17,58.9 2 1
murmapp.caster/internal/mq.go:60.3,61.30 2 0
murmapp.caster/internal/mq.go:64.2,65.16 2 1
murmapp.caster/internal/mq.go:65.16,67.3 1 0
murmapp.caster/internal/mq.go:69.2,72.8 1 1
murmapp.caster/internal/mq.go:75.79,84.2 1 1
murmapp.caster/internal/mq.go:86.31,87.22 1 1
murmapp.caster/internal/mq.go:87.22,89.3 1 1
murmapp.caster/internal/mq.go:90.2,90.19 1 1
murmapp.caster/internal/mq.go:90.19,92.3 1 1
murmapp.caster/internal/register_webhook.go:14.50,18.2 3 1
murmapp.caster/internal/register_webhook.go:20.35,23.19 3 1
murmapp.caster/internal/register_webhook.go:23.19,25.3 1 1
murmapp.caster/internal/register_webhook.go:26.2,26.18 1 1
murmapp.caster/internal/register_webhook.go:29.76,39.16 5 1
murmapp.caster/internal/register_webhook.go:39.16,41.3 1 0
murmapp.caster/internal/register_webhook.go:42.2,44.28 2 1
murmapp.caster/internal/register_webhook.go:44.28,46.3 1 0
murmapp.caster/internal/register_webhook.go:47.2,47.12 1 1
murmapp.caster/internal/run.go:18.18,20.44 1 1
murmapp.caster/internal/run.go:20.44,22.3 1 0
murmapp.caster/internal/run.go:23.2,23.34 1 1
murmapp.caster/internal/run.go:23.34,25.3 1 0
murmapp.caster/internal/run.go:27.2,28.16 2 1
murmapp.caster/internal/run.go:28.16,30.3 1 0
murmapp.caster/internal/run.go:31.2,33.46 2 1
murmapp.caster/internal/run.go:33.46,35.3 1 0
murmapp.caster/internal/run.go:38.2,38.12 1 1
murmapp.caster/internal/run.go:38.12,39.59 1 1
murmapp.caster/internal/run.go:39.59,41.4 1 0
murmapp.caster/internal/run.go:44.2,44.12 1 1
murmapp.caster/internal/run.go:44.12,45.66 1 1
murmapp.caster/internal/run.go:45.66,47.4 1 0
murmapp.caster/internal/run.go:51.2,52.16 2 1
murmapp.caster/internal/run.go:52.16,54.3 1 0
murmapp.caster/internal/run.go:55.2,58.65 3 1
murmapp.caster/internal/run.go:58.65,60.3 1 1
murmapp.caster/internal/run.go:62.2,63.37 2 1
